<?xml version="1.0" encoding="UTF-8"?>
<testsuite name="net.named_data.NDNFit.syncprotocol.TestGroupData" time="4,357.99" tests="1" errors="0" skipped="0" failures="1">
  <properties>
[...]
</properties>
  <testcase name="GroupAndReadData" classname="net.named_data.NDNFit.syncprotocol.TestGroupData" time="4,357.99">
    <failure message="expected:&lt;3431&gt; but was:&lt;3432&gt;" type="java.lang.AssertionError"><![CDATA[java.lang.AssertionError: expected:<3431> but was:<3432>
	at org.junit.Assert.fail(Assert.java:88)
	at org.junit.Assert.failNotEquals(Assert.java:834)
	at org.junit.Assert.assertEquals(Assert.java:645)
	at org.junit.Assert.assertEquals(Assert.java:631)
	at net.named_data.NDNFit.syncprotocol.TestGroupData.GroupAndReadData(TestGroupData.java:69)
]]></failure>
    <system-out><![CDATA[GroupData is called
GroupData is called
GroupData is called
GroupData is called
GroupData is called
GroupData is called
GroupData is called
GroupData is called
GroupData is called
GroupData is called
GroupData is called
GroupData is called
GroupData is called
GroupData is called
GroupData is called
GroupData is called
GroupData is called
GroupData is called
GroupData is called
GroupData is called
GroupData is called
GroupData is called
GroupData is called
GroupData is called
GroupData is called
GroupData is called
GroupData is called
GroupData is called
GroupData is called
GroupData is called
]]></system-out>
  </testcase>
</testsuite>